C:\Program Files\Microsoft Visual Studio\2022\Community\MSBuild\Microsoft\VC\v170\Microsoft.CppBuild.targets(531,5): warning MSB8028: 중간 디렉터리(x64\Debug\)에 다른 프로젝트(0403.vcxproj)에서 공유하는 파일이 포함되어 있습니다.  이로 인해 잘못된 정리 및 다시 빌드 동작이 수행될 수 있습니다.
  0403_.c
C:\Users\user\Desktop\JungHamin\AppImplement_dev\CTest\Project5\0403_.c(134,9): warning C4477: 'printf' : 서식 문자열 '%d'에 'int' 형식의 인수가 필요하지만 variadic 인수 1의 형식이 'size_t'입니다.
  C:\Users\user\Desktop\JungHamin\AppImplement_dev\CTest\Project5\0403_.c(134,9):
  서식 문자열에서 '%zd'을(를) 사용하는 것이 좋습니다.
  
C:\Users\user\Desktop\JungHamin\AppImplement_dev\CTest\Project5\0403_.c(135,9): warning C4477: 'printf' : 서식 문자열 '%d'에 'int' 형식의 인수가 필요하지만 variadic 인수 1의 형식이 'size_t'입니다.
  C:\Users\user\Desktop\JungHamin\AppImplement_dev\CTest\Project5\0403_.c(135,9):
  서식 문자열에서 '%zd'을(를) 사용하는 것이 좋습니다.
  
C:\Users\user\Desktop\JungHamin\AppImplement_dev\CTest\Project5\0403_.c(136,9): warning C4477: 'printf' : 서식 문자열 '%d'에 'int' 형식의 인수가 필요하지만 variadic 인수 1의 형식이 'size_t'입니다.
  C:\Users\user\Desktop\JungHamin\AppImplement_dev\CTest\Project5\0403_.c(136,9):
  서식 문자열에서 '%zd'을(를) 사용하는 것이 좋습니다.
  
C:\Users\user\Desktop\JungHamin\AppImplement_dev\CTest\Project5\0403_.c(137,9): warning C4477: 'printf' : 서식 문자열 '%d'에 'int' 형식의 인수가 필요하지만 variadic 인수 1의 형식이 'size_t'입니다.
  C:\Users\user\Desktop\JungHamin\AppImplement_dev\CTest\Project5\0403_.c(137,9):
  서식 문자열에서 '%zd'을(를) 사용하는 것이 좋습니다.
  
C:\Users\user\Desktop\JungHamin\AppImplement_dev\CTest\Project5\0403_.c(138,9): warning C4477: 'printf' : 서식 문자열 '%d'에 'int' 형식의 인수가 필요하지만 variadic 인수 1의 형식이 'size_t'입니다.
  C:\Users\user\Desktop\JungHamin\AppImplement_dev\CTest\Project5\0403_.c(138,9):
  서식 문자열에서 '%zd'을(를) 사용하는 것이 좋습니다.
  
C:\Users\user\Desktop\JungHamin\AppImplement_dev\CTest\Project5\0403_.c(139,9): warning C4477: 'printf' : 서식 문자열 '%d'에 'int' 형식의 인수가 필요하지만 variadic 인수 1의 형식이 'size_t'입니다.
  C:\Users\user\Desktop\JungHamin\AppImplement_dev\CTest\Project5\0403_.c(139,9):
  서식 문자열에서 '%zd'을(를) 사용하는 것이 좋습니다.
  
C:\Users\user\Desktop\JungHamin\AppImplement_dev\CTest\Project5\0403_.c(140,9): warning C4477: 'printf' : 서식 문자열 '%d'에 'int' 형식의 인수가 필요하지만 variadic 인수 1의 형식이 'size_t'입니다.
  C:\Users\user\Desktop\JungHamin\AppImplement_dev\CTest\Project5\0403_.c(140,9):
  서식 문자열에서 '%zd'을(를) 사용하는 것이 좋습니다.
  
C:\Users\user\Desktop\JungHamin\AppImplement_dev\CTest\Project5\0403_.c(141,9): warning C4477: 'printf' : 서식 문자열 '%d'에 'int' 형식의 인수가 필요하지만 variadic 인수 1의 형식이 'size_t'입니다.
  C:\Users\user\Desktop\JungHamin\AppImplement_dev\CTest\Project5\0403_.c(141,9):
  서식 문자열에서 '%zd'을(를) 사용하는 것이 좋습니다.
  
C:\Users\user\Desktop\JungHamin\AppImplement_dev\CTest\Project5\0403_.c(142,9): warning C4477: 'printf' : 서식 문자열 '%d'에 'int' 형식의 인수가 필요하지만 variadic 인수 1의 형식이 'size_t'입니다.
  C:\Users\user\Desktop\JungHamin\AppImplement_dev\CTest\Project5\0403_.c(142,9):
  서식 문자열에서 '%zd'을(를) 사용하는 것이 좋습니다.
  
C:\Users\user\Desktop\JungHamin\AppImplement_dev\CTest\Project5\0403_.c(143,9): warning C4477: 'printf' : 서식 문자열 '%d'에 'int' 형식의 인수가 필요하지만 variadic 인수 1의 형식이 'size_t'입니다.
  C:\Users\user\Desktop\JungHamin\AppImplement_dev\CTest\Project5\0403_.c(143,9):
  서식 문자열에서 '%zd'을(를) 사용하는 것이 좋습니다.
  
C:\Users\user\Desktop\JungHamin\AppImplement_dev\CTest\Project5\0403_.c(144,9): warning C4477: 'printf' : 서식 문자열 '%d'에 'int' 형식의 인수가 필요하지만 variadic 인수 1의 형식이 'size_t'입니다.
  C:\Users\user\Desktop\JungHamin\AppImplement_dev\CTest\Project5\0403_.c(144,9):
  서식 문자열에서 '%zd'을(를) 사용하는 것이 좋습니다.
  
  0403.vcxproj -> C:\Users\user\Desktop\JungHamin\AppImplement_dev\CTest\Project5\x64\Debug\Project5.exe
